<?xml version="1.0" encoding="UTF-8"?>
<!-- Generated by org.testng.reporters.JUnitXMLReporter -->
<testsuite hostname="HDC2-D-CBSMXJ2" ignored="1" name="Default test" tests="2" failures="0" timestamp="03 Jul 2019 05:05:24 GMT" time="0.056" errors="0">
  <testcase name="Login" time="0.007" classname="com.sele.testng.DemoTestNg"/>
  <testcase name="Logout" time="0.003" classname="com.sele.testng.DemoTestNg"/>
  <testcase name="openApp" time="0.0" classname="com.sele.testng.DemoTestNg">
    <ignored/>
  </testcase> <!-- openApp -->
</testsuite> <!-- Default test -->
