<?xml version="1.0" encoding="UTF-8"?>
<testng-results skipped="0" failed="0" ignored="1" total="3" passed="2">
  <reporter-output>
  </reporter-output>
  <suite name="Default suite" duration-ms="56" started-at="2019-07-03T05:05:24Z" finished-at="2019-07-03T05:05:24Z">
    <groups>
    </groups>
    <test name="Default test" duration-ms="56" started-at="2019-07-03T05:05:24Z" finished-at="2019-07-03T05:05:24Z">
      <class name="com.sele.testng.DemoTestNg">
        <test-method status="PASS" signature="beforeSuite()[pri:0, instance:com.sele.testng.DemoTestNg@28d25987]" name="beforeSuite" is-config="true" duration-ms="23" started-at="2019-07-03T05:05:24Z" finished-at="2019-07-03T05:05:24Z">
          <reporter-output>
          </reporter-output>
        </test-method> <!-- beforeSuite -->
        <test-method status="PASS" signature="beforeTest()[pri:0, instance:com.sele.testng.DemoTestNg@28d25987]" name="beforeTest" is-config="true" duration-ms="1" started-at="2019-07-03T05:05:24Z" finished-at="2019-07-03T05:05:24Z">
          <reporter-output>
          </reporter-output>
        </test-method> <!-- beforeTest -->
        <test-method status="PASS" signature="beforeClass()[pri:0, instance:com.sele.testng.DemoTestNg@28d25987]" name="beforeClass" is-config="true" duration-ms="0" started-at="2019-07-03T05:05:24Z" finished-at="2019-07-03T05:05:24Z">
          <reporter-output>
          </reporter-output>
        </test-method> <!-- beforeClass -->
        <test-method status="PASS" signature="beforeMethod()[pri:0, instance:com.sele.testng.DemoTestNg@28d25987]" name="beforeMethod" is-config="true" duration-ms="1" started-at="2019-07-03T05:05:24Z" finished-at="2019-07-03T05:05:24Z">
          <reporter-output>
          </reporter-output>
        </test-method> <!-- beforeMethod -->
        <test-method status="PASS" signature="Login()[pri:2, instance:com.sele.testng.DemoTestNg@28d25987]" name="Login" duration-ms="7" started-at="2019-07-03T05:05:24Z" finished-at="2019-07-03T05:05:24Z">
          <reporter-output>
          </reporter-output>
        </test-method> <!-- Login -->
        <test-method status="PASS" signature="afterMethod()[pri:0, instance:com.sele.testng.DemoTestNg@28d25987]" name="afterMethod" is-config="true" duration-ms="0" started-at="2019-07-03T05:05:24Z" finished-at="2019-07-03T05:05:24Z">
          <reporter-output>
          </reporter-output>
        </test-method> <!-- afterMethod -->
        <test-method status="PASS" signature="beforeMethod()[pri:0, instance:com.sele.testng.DemoTestNg@28d25987]" name="beforeMethod" is-config="true" duration-ms="1" started-at="2019-07-03T05:05:24Z" finished-at="2019-07-03T05:05:24Z">
          <reporter-output>
          </reporter-output>
        </test-method> <!-- beforeMethod -->
        <test-method status="PASS" signature="Logout()[pri:3, instance:com.sele.testng.DemoTestNg@28d25987]" name="Logout" duration-ms="3" started-at="2019-07-03T05:05:24Z" finished-at="2019-07-03T05:05:24Z">
          <reporter-output>
          </reporter-output>
        </test-method> <!-- Logout -->
        <test-method status="PASS" signature="afterMethod()[pri:0, instance:com.sele.testng.DemoTestNg@28d25987]" name="afterMethod" is-config="true" duration-ms="0" started-at="2019-07-03T05:05:24Z" finished-at="2019-07-03T05:05:24Z">
          <reporter-output>
          </reporter-output>
        </test-method> <!-- afterMethod -->
        <test-method status="PASS" signature="afterClass()[pri:0, instance:com.sele.testng.DemoTestNg@28d25987]" name="afterClass" is-config="true" duration-ms="1" started-at="2019-07-03T05:05:24Z" finished-at="2019-07-03T05:05:24Z">
          <reporter-output>
          </reporter-output>
        </test-method> <!-- afterClass -->
        <test-method status="PASS" signature="afterTest()[pri:0, instance:com.sele.testng.DemoTestNg@28d25987]" name="afterTest" is-config="true" duration-ms="0" started-at="2019-07-03T05:05:24Z" finished-at="2019-07-03T05:05:24Z">
          <reporter-output>
          </reporter-output>
        </test-method> <!-- afterTest -->
        <test-method status="PASS" signature="afterSuite()[pri:0, instance:com.sele.testng.DemoTestNg@28d25987]" name="afterSuite" is-config="true" duration-ms="1" started-at="2019-07-03T05:05:24Z" finished-at="2019-07-03T05:05:24Z">
          <reporter-output>
          </reporter-output>
        </test-method> <!-- afterSuite -->
      </class> <!-- com.sele.testng.DemoTestNg -->
    </test> <!-- Default test -->
  </suite> <!-- Default suite -->
</testng-results>
